<?xml version="1.0" encoding="UTF-8"?>
<testng-results ignored="0" total="5" passed="4" failed="1" skipped="0">
  <reporter-output>
  </reporter-output>
  <suite started-at="2024-06-06T14:58:27 IST" name="Default suite" finished-at="2024-06-06T14:58:33 IST" duration-ms="5974">
    <groups>
    </groups>
    <test started-at="2024-06-06T14:58:27 IST" name="Default test" finished-at="2024-06-06T14:58:33 IST" duration-ms="5974">
      <class name="TestNgSessions.FaceBookLoginTest">
        <test-method is-config="true" signature="setUp()[pri:0, instance:TestNgSessions.FaceBookLoginTest@65466a6a]" started-at="2024-06-06T14:58:27 IST" name="setUp" finished-at="2024-06-06T14:58:32 IST" duration-ms="5611" status="PASS">
          <reporter-output>
          </reporter-output>
        </test-method> <!-- setUp -->
        <test-method signature="urlTest()[pri:1, instance:TestNgSessions.FaceBookLoginTest@65466a6a]" started-at="2024-06-06T14:58:32 IST" name="urlTest" finished-at="2024-06-06T14:58:32 IST" duration-ms="11" status="FAIL">
          <exception class="java.lang.AssertionError">
            <message>
              <![CDATA[url does not match expected [www.facebook.com] but found [https://www.facebook.com/]]]>
            </message>
            <full-stacktrace>
              <![CDATA[java.lang.AssertionError: url does not match expected [www.facebook.com] but found [https://www.facebook.com/]
at org.testng.Assert.fail(Assert.java:97)
at org.testng.Assert.assertEqualsImpl(Assert.java:136)
at org.testng.Assert.assertEquals(Assert.java:118)
at org.testng.Assert.assertEquals(Assert.java:575)
at TestNgSessions.FaceBookLoginTest.urlTest(FaceBookLoginTest.java:43)
at java.base/jdk.internal.reflect.DirectMethodHandleAccessor.invoke(DirectMethodHandleAccessor.java:103)
at java.base/java.lang.reflect.Method.invoke(Method.java:580)
at org.testng.internal.MethodInvocationHelper.invokeMethod(MethodInvocationHelper.java:133)
at org.testng.internal.TestInvoker.invokeMethod(TestInvoker.java:584)
at org.testng.internal.TestInvoker.invokeTestMethod(TestInvoker.java:172)
at org.testng.internal.MethodRunner.runInSequence(MethodRunner.java:46)
at org.testng.internal.TestInvoker$MethodInvocationAgent.invoke(TestInvoker.java:804)
at org.testng.internal.TestInvoker.invokeTestMethods(TestInvoker.java:145)
at org.testng.internal.TestMethodWorker.invokeTestMethods(TestMethodWorker.java:146)
at org.testng.internal.TestMethodWorker.run(TestMethodWorker.java:128)
at java.base/java.util.ArrayList.forEach(ArrayList.java:1596)
at org.testng.TestRunner.privateRun(TestRunner.java:770)
at org.testng.TestRunner.run(TestRunner.java:591)
at org.testng.SuiteRunner.runTest(SuiteRunner.java:402)
at org.testng.SuiteRunner.runSequentially(SuiteRunner.java:396)
at org.testng.SuiteRunner.privateRun(SuiteRunner.java:355)
at org.testng.SuiteRunner.run(SuiteRunner.java:304)
at org.testng.SuiteRunnerWorker.runSuite(SuiteRunnerWorker.java:53)
at org.testng.SuiteRunnerWorker.run(SuiteRunnerWorker.java:96)
at org.testng.TestNG.runSuitesSequentially(TestNG.java:1180)
at org.testng.TestNG.runSuitesLocally(TestNG.java:1102)
at org.testng.TestNG.runSuites(TestNG.java:1032)
at org.testng.TestNG.run(TestNG.java:1000)
at org.testng.remote.AbstractRemoteTestNG.run(AbstractRemoteTestNG.java:115)
at org.testng.remote.RemoteTestNG.initAndRun(RemoteTestNG.java:251)
at org.testng.remote.RemoteTestNG.main(RemoteTestNG.java:77)
]]>
            </full-stacktrace>
          </exception> <!-- java.lang.AssertionError -->
          <reporter-output>
          </reporter-output>
        </test-method> <!-- urlTest -->
        <test-method signature="titleTest()[pri:2, instance:TestNgSessions.FaceBookLoginTest@65466a6a]" started-at="2024-06-06T14:58:32 IST" name="titleTest" finished-at="2024-06-06T14:58:32 IST" duration-ms="10" status="PASS">
          <reporter-output>
          </reporter-output>
        </test-method> <!-- titleTest -->
        <test-method signature="EmailTest()[pri:3, instance:TestNgSessions.FaceBookLoginTest@65466a6a]" started-at="2024-06-06T14:58:32 IST" name="EmailTest" finished-at="2024-06-06T14:58:32 IST" duration-ms="32" status="PASS">
          <reporter-output>
          </reporter-output>
        </test-method> <!-- EmailTest -->
        <test-method signature="PasTest()[pri:4, instance:TestNgSessions.FaceBookLoginTest@65466a6a]" started-at="2024-06-06T14:58:32 IST" name="PasTest" finished-at="2024-06-06T14:58:32 IST" duration-ms="27" status="PASS">
          <reporter-output>
          </reporter-output>
        </test-method> <!-- PasTest -->
        <test-method signature="LoginButTest()[pri:5, instance:TestNgSessions.FaceBookLoginTest@65466a6a]" started-at="2024-06-06T14:58:32 IST" name="LoginButTest" finished-at="2024-06-06T14:58:32 IST" duration-ms="29" status="PASS">
          <reporter-output>
          </reporter-output>
        </test-method> <!-- LoginButTest -->
        <test-method is-config="true" signature="tearDown()[pri:0, instance:TestNgSessions.FaceBookLoginTest@65466a6a]" started-at="2024-06-06T14:58:32 IST" name="tearDown" finished-at="2024-06-06T14:58:33 IST" duration-ms="220" status="PASS">
          <reporter-output>
          </reporter-output>
        </test-method> <!-- tearDown -->
      </class> <!-- TestNgSessions.FaceBookLoginTest -->
    </test> <!-- Default test -->
  </suite> <!-- Default suite -->
</testng-results>
